TN:
SF:/Users/paulstanton/Localhost/pulsar-event-calendar/test/unit/EventCalendarTest.js
FN:8,(anonymous_2)
FN:17,(anonymous_3)
FN:24,(anonymous_4)
FN:29,(anonymous_5)
FN:30,(anonymous_6)
FN:34,(anonymous_7)
FN:37,(anonymous_8)
FN:42,(anonymous_9)
FN:46,(anonymous_10)
FN:54,(anonymous_11)
FN:55,(anonymous_12)
FN:59,(anonymous_13)
FN:66,(anonymous_14)
FN:70,(anonymous_15)
FN:74,(anonymous_16)
FN:80,(anonymous_17)
FN:84,(anonymous_18)
FN:90,(anonymous_19)
FN:91,(anonymous_20)
FN:95,(anonymous_21)
FN:101,(anonymous_22)
FN:105,(anonymous_23)
FN:109,(anonymous_24)
FN:115,(anonymous_25)
FN:119,(anonymous_26)
FN:125,(anonymous_27)
FN:126,(anonymous_28)
FN:130,(anonymous_29)
FN:136,(anonymous_30)
FN:140,(anonymous_31)
FN:144,(anonymous_32)
FN:148,(anonymous_33)
FN:154,(anonymous_34)
FN:158,(anonymous_35)
FN:164,(anonymous_36)
FN:165,(anonymous_37)
FN:169,(anonymous_38)
FN:174,(anonymous_39)
FN:180,(anonymous_40)
FN:188,(anonymous_41)
FN:194,(anonymous_42)
FN:200,(anonymous_43)
FN:206,(anonymous_44)
FN:213,(anonymous_45)
FN:214,(anonymous_46)
FN:218,(anonymous_47)
FN:223,(anonymous_48)
FN:231,(anonymous_49)
FN:237,(anonymous_50)
FN:243,(anonymous_51)
FN:249,(anonymous_52)
FN:257,(anonymous_53)
FN:258,(anonymous_54)
FN:264,(anonymous_55)
FN:268,(anonymous_56)
FN:277,(anonymous_57)
FN:278,(anonymous_58)
FN:283,(anonymous_59)
FN:289,(anonymous_60)
FN:290,(anonymous_61)
FN:296,(anonymous_62)
FN:301,(anonymous_63)
FN:302,(anonymous_64)
FN:306,(anonymous_65)
FNF:64
FNH:64
FNDA:1,(anonymous_2)
FNDA:39,(anonymous_3)
FNDA:39,(anonymous_4)
FNDA:1,(anonymous_5)
FNDA:2,(anonymous_6)
FNDA:1,(anonymous_7)
FNDA:1,(anonymous_8)
FNDA:1,(anonymous_9)
FNDA:1,(anonymous_10)
FNDA:1,(anonymous_11)
FNDA:6,(anonymous_12)
FNDA:1,(anonymous_13)
FNDA:1,(anonymous_14)
FNDA:1,(anonymous_15)
FNDA:1,(anonymous_16)
FNDA:1,(anonymous_17)
FNDA:1,(anonymous_18)
FNDA:1,(anonymous_19)
FNDA:6,(anonymous_20)
FNDA:1,(anonymous_21)
FNDA:1,(anonymous_22)
FNDA:1,(anonymous_23)
FNDA:1,(anonymous_24)
FNDA:1,(anonymous_25)
FNDA:1,(anonymous_26)
FNDA:1,(anonymous_27)
FNDA:7,(anonymous_28)
FNDA:1,(anonymous_29)
FNDA:1,(anonymous_30)
FNDA:1,(anonymous_31)
FNDA:1,(anonymous_32)
FNDA:1,(anonymous_33)
FNDA:1,(anonymous_34)
FNDA:1,(anonymous_35)
FNDA:1,(anonymous_36)
FNDA:7,(anonymous_37)
FNDA:1,(anonymous_38)
FNDA:1,(anonymous_39)
FNDA:1,(anonymous_40)
FNDA:1,(anonymous_41)
FNDA:1,(anonymous_42)
FNDA:1,(anonymous_43)
FNDA:1,(anonymous_44)
FNDA:1,(anonymous_45)
FNDA:6,(anonymous_46)
FNDA:1,(anonymous_47)
FNDA:1,(anonymous_48)
FNDA:1,(anonymous_49)
FNDA:1,(anonymous_50)
FNDA:1,(anonymous_51)
FNDA:1,(anonymous_52)
FNDA:1,(anonymous_53)
FNDA:2,(anonymous_54)
FNDA:1,(anonymous_55)
FNDA:1,(anonymous_56)
FNDA:1,(anonymous_57)
FNDA:1,(anonymous_58)
FNDA:1,(anonymous_59)
FNDA:1,(anonymous_60)
FNDA:1,(anonymous_61)
FNDA:1,(anonymous_62)
FNDA:1,(anonymous_63)
FNDA:1,(anonymous_64)
FNDA:1,(anonymous_65)
DA:3,1
DA:4,1
DA:6,1
DA:8,1
DA:9,1
DA:10,1
DA:17,1
DA:18,39
DA:19,39
DA:21,39
DA:24,1
DA:25,39
DA:29,1
DA:30,1
DA:31,2
DA:34,1
DA:35,1
DA:37,1
DA:38,1
DA:42,1
DA:43,1
DA:46,1
DA:47,1
DA:54,1
DA:55,1
DA:56,6
DA:59,1
DA:60,1
DA:63,1
DA:66,1
DA:67,1
DA:70,1
DA:71,1
DA:74,1
DA:75,1
DA:77,1
DA:80,1
DA:81,1
DA:84,1
DA:85,1
DA:90,1
DA:91,1
DA:92,6
DA:95,1
DA:96,1
DA:98,1
DA:101,1
DA:102,1
DA:105,1
DA:106,1
DA:109,1
DA:110,1
DA:112,1
DA:115,1
DA:116,1
DA:119,1
DA:120,1
DA:125,1
DA:126,1
DA:127,7
DA:130,1
DA:131,1
DA:133,1
DA:136,1
DA:137,1
DA:140,1
DA:141,1
DA:144,1
DA:145,1
DA:148,1
DA:149,1
DA:151,1
DA:154,1
DA:155,1
DA:158,1
DA:159,1
DA:164,1
DA:165,1
DA:166,7
DA:169,1
DA:170,1
DA:171,1
DA:174,1
DA:175,1
DA:176,1
DA:177,1
DA:180,1
DA:181,1
DA:183,1
DA:184,1
DA:185,1
DA:188,1
DA:189,1
DA:191,1
DA:194,1
DA:195,1
DA:197,1
DA:200,1
DA:201,1
DA:203,1
DA:206,1
DA:207,1
DA:209,1
DA:213,1
DA:214,1
DA:215,6
DA:218,1
DA:219,1
DA:220,1
DA:223,1
DA:224,1
DA:226,1
DA:227,1
DA:228,1
DA:231,1
DA:232,1
DA:234,1
DA:237,1
DA:238,1
DA:240,1
DA:243,1
DA:244,1
DA:246,1
DA:249,1
DA:250,1
DA:252,1
DA:257,1
DA:258,1
DA:259,2
DA:261,2
DA:264,1
DA:265,1
DA:268,1
DA:269,1
DA:271,1
DA:272,1
DA:277,1
DA:278,1
DA:279,1
DA:280,1
DA:283,1
DA:284,1
DA:289,1
DA:290,1
DA:291,1
DA:292,1
DA:293,1
DA:296,1
DA:297,1
DA:301,1
DA:302,1
DA:303,1
DA:306,1
DA:307,1
DA:308,1
DA:309,1
DA:311,1
DA:312,1
DA:314,1
DA:315,1
DA:316,1
LF:161
LH:161
BRF:0
BRH:0
end_of_record
TN:
SF:/Users/paulstanton/Localhost/pulsar-event-calendar/src/EventCalendar.js
FN:21,EventCalendar
FN:29,init
FN:103,click
FN:106,onMonthChange
FN:122,render
FN:132,(anonymous_12)
FN:137,(anonymous_13)
FN:162,(anonymous_14)
FN:170,toggleWeekday
FN:174,(anonymous_16)
FN:199,toggleDay
FN:277,setPattern
FN:313,paintRepeatPattern
FN:325,paintDates
FN:328,(anonymous_21)
FN:348,paintMonth
FN:365,(anonymous_23)
FN:376,(anonymous_24)
FN:384,styleToAdd
FN:391,styleToDel
FN:398,styleRepeatOn
FN:405,styleClear
FN:412,styleClearAll
FN:419,styleReset
FN:438,updateReview
FN:470,resetCalendar
FN:484,getDates
FN:426,isInMonth
FN:430,isInYear
FN:434,matchDates
FNF:30
FNH:18
FNDA:41,EventCalendar
FNDA:41,init
FNDA:16,click
FNDA:3,onMonthChange
FNDA:43,render
FNDA:1,(anonymous_12)
FNDA:0,(anonymous_13)
FNDA:0,(anonymous_14)
FNDA:0,toggleWeekday
FNDA:0,(anonymous_16)
FNDA:16,toggleDay
FNDA:0,setPattern
FNDA:0,paintRepeatPattern
FNDA:0,paintDates
FNDA:0,(anonymous_21)
FNDA:17,paintMonth
FNDA:8,(anonymous_23)
FNDA:7,(anonymous_24)
FNDA:8,styleToAdd
FNDA:7,styleToDel
FNDA:0,styleRepeatOn
FNDA:0,styleClear
FNDA:17,styleClearAll
FNDA:0,styleReset
FNDA:32,updateReview
FNDA:1,resetCalendar
FNDA:5,getDates
FNDA:15,isInMonth
FNDA:15,isInYear
FNDA:0,matchDates
DA:7,1
DA:8,1
DA:9,1
DA:10,1
DA:11,1
DA:12,1
DA:14,1
DA:21,41
DA:22,41
DA:23,41
DA:30,41
DA:31,1
DA:34,40
DA:36,40
DA:37,1
DA:40,39
DA:97,39
DA:99,39
DA:101,39
DA:104,16
DA:107,3
DA:124,43
DA:126,43
DA:132,39
DA:133,1
DA:137,39
DA:138,0
DA:140,0
DA:141,0
DA:142,0
DA:145,0
DA:146,0
DA:150,0
DA:158,0
DA:159,0
DA:162,39
DA:163,0
DA:166,39
DA:171,0
DA:174,0
DA:175,0
DA:178,0
DA:179,0
DA:200,16
DA:208,16
DA:211,16
DA:212,2
DA:216,14
DA:219,7
DA:221,0
DA:223,7
DA:225,0
DA:227,0
DA:231,0
DA:235,7
DA:241,7
DA:247,0
DA:252,7
DA:253,7
DA:255,7
DA:257,0
DA:259,0
DA:263,14
DA:264,14
DA:278,0
DA:281,0
DA:283,0
DA:286,0
DA:289,0
DA:292,0
DA:295,0
DA:298,0
DA:301,0
DA:304,0
DA:307,0
DA:310,0
DA:314,0
DA:320,0
DA:322,0
DA:326,0
DA:328,0
DA:329,0
DA:331,0
DA:334,0
DA:337,0
DA:341,0
DA:349,17
DA:352,17
DA:355,17
DA:356,0
DA:360,17
DA:361,8
DA:365,8
DA:366,8
DA:371,17
DA:372,7
DA:376,7
DA:377,7
DA:381,17
DA:385,8
DA:388,8
DA:392,7
DA:395,7
DA:399,0
DA:402,0
DA:406,0
DA:409,0
DA:413,17
DA:416,17
DA:420,0
DA:423,0
DA:427,15
DA:431,15
DA:435,0
DA:439,32
DA:446,32
DA:447,16
DA:451,16
DA:454,32
DA:455,14
DA:459,18
DA:462,32
DA:463,28
DA:466,4
DA:471,1
DA:474,1
DA:475,1
DA:478,1
DA:481,1
DA:485,5
DA:486,5
DA:491,1
LF:132
LH:80
BRDA:30,8,0,1
BRDA:30,8,1,40
BRDA:30,9,0,41
BRDA:30,9,1,40
BRDA:36,10,0,1
BRDA:36,10,1,39
BRDA:36,11,0,40
BRDA:36,11,1,40
BRDA:41,12,0,31
BRDA:41,12,1,8
BRDA:42,13,0,31
BRDA:42,13,1,8
BRDA:43,14,0,7
BRDA:43,14,1,32
BRDA:44,15,0,7
BRDA:44,15,1,32
BRDA:140,16,0,0
BRDA:140,16,1,0
BRDA:211,17,0,2
BRDA:211,17,1,14
BRDA:211,18,0,16
BRDA:211,18,1,14
BRDA:216,19,0,7
BRDA:216,19,1,7
BRDA:219,20,0,0
BRDA:219,20,1,7
BRDA:223,21,0,0
BRDA:223,21,1,7
BRDA:225,22,0,0
BRDA:225,22,1,0
BRDA:235,23,0,7
BRDA:235,23,1,0
BRDA:236,24,0,7
BRDA:236,24,1,7
BRDA:236,24,2,7
BRDA:252,25,0,7
BRDA:252,25,1,0
BRDA:253,26,0,7
BRDA:253,26,1,0
BRDA:257,27,0,0
BRDA:257,27,1,0
BRDA:282,28,0,0
BRDA:282,28,1,0
BRDA:282,28,2,0
BRDA:282,28,3,0
BRDA:282,28,4,0
BRDA:282,28,5,0
BRDA:282,28,6,0
BRDA:282,28,7,0
BRDA:282,28,8,0
BRDA:320,29,0,0
BRDA:320,29,1,0
BRDA:330,30,0,0
BRDA:330,30,1,0
BRDA:330,30,2,0
BRDA:330,30,3,0
BRDA:330,30,4,0
BRDA:355,31,0,0
BRDA:355,31,1,17
BRDA:360,32,0,8
BRDA:360,32,1,9
BRDA:371,33,0,7
BRDA:371,33,1,10
BRDA:446,34,0,16
BRDA:446,34,1,16
BRDA:448,35,0,16
BRDA:448,35,1,0
BRDA:454,36,0,14
BRDA:454,36,1,18
BRDA:456,37,0,14
BRDA:456,37,1,0
BRDA:462,38,0,28
BRDA:462,38,1,4
BRDA:462,39,0,32
BRDA:462,39,1,16
BRF:75
BRH:47
end_of_record
