TN:
SF:/Users/paulstanton/Localhost/pulsar-event-calendar/test/unit/EventCalendarTest.js
FN:8,(anonymous_2)
FN:17,(anonymous_3)
FN:65,(anonymous_4)
FN:70,(anonymous_5)
FN:71,(anonymous_6)
FN:75,(anonymous_7)
FN:78,(anonymous_8)
FN:83,(anonymous_9)
FN:87,(anonymous_10)
FN:95,(anonymous_11)
FN:96,(anonymous_12)
FN:100,(anonymous_13)
FN:107,(anonymous_14)
FN:111,(anonymous_15)
FN:115,(anonymous_16)
FN:121,(anonymous_17)
FN:125,(anonymous_18)
FN:131,(anonymous_19)
FN:132,(anonymous_20)
FN:136,(anonymous_21)
FN:142,(anonymous_22)
FN:146,(anonymous_23)
FN:150,(anonymous_24)
FN:156,(anonymous_25)
FN:160,(anonymous_26)
FN:166,(anonymous_27)
FN:167,(anonymous_28)
FN:171,(anonymous_29)
FN:177,(anonymous_30)
FN:181,(anonymous_31)
FN:185,(anonymous_32)
FN:189,(anonymous_33)
FN:195,(anonymous_34)
FN:199,(anonymous_35)
FN:205,(anonymous_36)
FN:206,(anonymous_37)
FN:210,(anonymous_38)
FN:215,(anonymous_39)
FN:221,(anonymous_40)
FN:229,(anonymous_41)
FN:235,(anonymous_42)
FN:241,(anonymous_43)
FN:247,(anonymous_44)
FN:255,(anonymous_45)
FN:256,(anonymous_46)
FN:262,(anonymous_47)
FN:266,(anonymous_48)
FN:272,(anonymous_49)
FN:276,(anonymous_50)
FN:280,(anonymous_51)
FN:284,(anonymous_52)
FN:290,(anonymous_53)
FN:291,(anonymous_54)
FN:295,(anonymous_55)
FN:300,(anonymous_56)
FN:308,(anonymous_57)
FN:314,(anonymous_58)
FN:320,(anonymous_59)
FN:326,(anonymous_60)
FN:334,(anonymous_61)
FN:335,(anonymous_62)
FN:341,(anonymous_63)
FN:345,(anonymous_64)
FN:351,(anonymous_65)
FN:355,(anonymous_66)
FN:359,(anonymous_67)
FN:363,(anonymous_68)
FN:370,(anonymous_69)
FN:371,(anonymous_70)
FN:377,(anonymous_71)
FN:381,(anonymous_72)
FN:390,(anonymous_73)
FN:391,(anonymous_74)
FN:396,(anonymous_75)
FN:402,(anonymous_76)
FN:403,(anonymous_77)
FN:409,(anonymous_78)
FN:415,(anonymous_79)
FN:416,(anonymous_80)
FN:420,(anonymous_81)
FN:434,(anonymous_82)
FN:435,(anonymous_83)
FN:440,(anonymous_84)
FN:444,(anonymous_85)
FN:453,(anonymous_86)
FN:454,(anonymous_87)
FN:459,(anonymous_88)
FN:460,(anonymous_89)
FN:465,(anonymous_90)
FN:469,(anonymous_91)
FN:473,(anonymous_92)
FN:477,(anonymous_93)
FN:479,(anonymous_94)
FN:484,(anonymous_95)
FN:492,(anonymous_96)
FN:493,(anonymous_97)
FN:498,(anonymous_98)
FN:499,(anonymous_99)
FN:504,(anonymous_100)
FN:509,(anonymous_101)
FN:513,(anonymous_102)
FN:517,(anonymous_103)
FN:519,(anonymous_104)
FN:524,(anonymous_105)
FN:529,(anonymous_106)
FN:536,(anonymous_107)
FN:544,(anonymous_108)
FN:556,(anonymous_109)
FN:557,(anonymous_110)
FN:562,(anonymous_111)
FN:566,(anonymous_112)
FN:576,(anonymous_113)
FN:581,(anonymous_114)
FN:598,(anonymous_115)
FN:602,(anonymous_116)
FN:606,(anonymous_117)
FN:616,(anonymous_118)
FN:621,(anonymous_119)
FN:628,(anonymous_120)
FN:636,(anonymous_121)
FN:645,(anonymous_122)
FN:652,(anonymous_123)
FN:653,(anonymous_124)
FN:658,(anonymous_125)
FN:666,(anonymous_126)
FN:671,(anonymous_127)
FN:675,(anonymous_128)
FN:679,(anonymous_129)
FN:687,(anonymous_130)
FN:692,(anonymous_131)
FN:699,(anonymous_132)
FN:707,(anonymous_133)
FN:717,(anonymous_134)
FN:718,(anonymous_135)
FN:723,(anonymous_136)
FN:729,(anonymous_137)
FN:734,(anonymous_138)
FN:738,(anonymous_139)
FN:742,(anonymous_140)
FN:749,(anonymous_141)
FN:754,(anonymous_142)
FN:761,(anonymous_143)
FN:772,(anonymous_144)
FN:785,(anonymous_145)
FN:786,(anonymous_146)
FN:791,(anonymous_147)
FN:797,(anonymous_148)
FN:802,(anonymous_149)
FN:806,(anonymous_150)
FN:810,(anonymous_151)
FN:817,(anonymous_152)
FN:822,(anonymous_153)
FN:829,(anonymous_154)
FN:840,(anonymous_155)
FN:853,(anonymous_156)
FN:854,(anonymous_157)
FN:859,(anonymous_158)
FN:865,(anonymous_159)
FN:870,(anonymous_160)
FN:874,(anonymous_161)
FN:878,(anonymous_162)
FN:887,(anonymous_163)
FN:892,(anonymous_164)
FN:899,(anonymous_165)
FN:912,(anonymous_166)
FN:927,(anonymous_167)
FN:928,(anonymous_168)
FN:936,(anonymous_169)
FN:942,(anonymous_170)
FN:948,(anonymous_171)
FN:953,(anonymous_172)
FN:958,(anonymous_173)
FN:962,(anonymous_174)
FN:966,(anonymous_175)
FN:970,(anonymous_176)
FN:975,(anonymous_177)
FN:976,(anonymous_178)
FN:988,(anonymous_179)
FN:994,(anonymous_180)
FN:1000,(anonymous_181)
FN:1005,(anonymous_182)
FN:1010,(anonymous_183)
FN:1014,(anonymous_184)
FN:1018,(anonymous_185)
FN:1022,(anonymous_186)
FN:1028,(anonymous_187)
FN:1029,(anonymous_188)
FN:1036,(anonymous_189)
FN:1042,(anonymous_190)
FN:1047,(anonymous_191)
FN:1052,(anonymous_192)
FN:1057,(anonymous_193)
FN:1061,(anonymous_194)
FN:1065,(anonymous_195)
FN:1069,(anonymous_196)
FN:1074,(anonymous_197)
FN:1075,(anonymous_198)
FN:1083,(anonymous_199)
FN:1088,(anonymous_200)
FN:1093,(anonymous_201)
FN:1098,(anonymous_202)
FN:1103,(anonymous_203)
FN:1107,(anonymous_204)
FN:1111,(anonymous_205)
FN:1115,(anonymous_206)
FN:1121,(anonymous_207)
FN:1122,(anonymous_208)
FN:1129,(anonymous_209)
FN:1134,(anonymous_210)
FN:1139,(anonymous_211)
FN:1143,(anonymous_212)
FN:1148,(anonymous_213)
FN:1149,(anonymous_214)
FN:1157,(anonymous_215)
FN:1163,(anonymous_216)
FN:1168,(anonymous_217)
FN:1172,(anonymous_218)
FNF:217
FNH:217
FNDA:1,(anonymous_2)
FNDA:156,(anonymous_3)
FNDA:156,(anonymous_4)
FNDA:1,(anonymous_5)
FNDA:2,(anonymous_6)
FNDA:1,(anonymous_7)
FNDA:1,(anonymous_8)
FNDA:1,(anonymous_9)
FNDA:1,(anonymous_10)
FNDA:1,(anonymous_11)
FNDA:6,(anonymous_12)
FNDA:1,(anonymous_13)
FNDA:1,(anonymous_14)
FNDA:1,(anonymous_15)
FNDA:1,(anonymous_16)
FNDA:1,(anonymous_17)
FNDA:1,(anonymous_18)
FNDA:1,(anonymous_19)
FNDA:6,(anonymous_20)
FNDA:1,(anonymous_21)
FNDA:1,(anonymous_22)
FNDA:1,(anonymous_23)
FNDA:1,(anonymous_24)
FNDA:1,(anonymous_25)
FNDA:1,(anonymous_26)
FNDA:1,(anonymous_27)
FNDA:7,(anonymous_28)
FNDA:1,(anonymous_29)
FNDA:1,(anonymous_30)
FNDA:1,(anonymous_31)
FNDA:1,(anonymous_32)
FNDA:1,(anonymous_33)
FNDA:1,(anonymous_34)
FNDA:1,(anonymous_35)
FNDA:1,(anonymous_36)
FNDA:7,(anonymous_37)
FNDA:1,(anonymous_38)
FNDA:1,(anonymous_39)
FNDA:1,(anonymous_40)
FNDA:1,(anonymous_41)
FNDA:1,(anonymous_42)
FNDA:1,(anonymous_43)
FNDA:1,(anonymous_44)
FNDA:1,(anonymous_45)
FNDA:6,(anonymous_46)
FNDA:1,(anonymous_47)
FNDA:1,(anonymous_48)
FNDA:1,(anonymous_49)
FNDA:1,(anonymous_50)
FNDA:1,(anonymous_51)
FNDA:1,(anonymous_52)
FNDA:1,(anonymous_53)
FNDA:6,(anonymous_54)
FNDA:1,(anonymous_55)
FNDA:1,(anonymous_56)
FNDA:1,(anonymous_57)
FNDA:1,(anonymous_58)
FNDA:1,(anonymous_59)
FNDA:1,(anonymous_60)
FNDA:1,(anonymous_61)
FNDA:6,(anonymous_62)
FNDA:1,(anonymous_63)
FNDA:1,(anonymous_64)
FNDA:1,(anonymous_65)
FNDA:1,(anonymous_66)
FNDA:1,(anonymous_67)
FNDA:1,(anonymous_68)
FNDA:1,(anonymous_69)
FNDA:2,(anonymous_70)
FNDA:1,(anonymous_71)
FNDA:1,(anonymous_72)
FNDA:1,(anonymous_73)
FNDA:1,(anonymous_74)
FNDA:1,(anonymous_75)
FNDA:1,(anonymous_76)
FNDA:1,(anonymous_77)
FNDA:1,(anonymous_78)
FNDA:1,(anonymous_79)
FNDA:1,(anonymous_80)
FNDA:1,(anonymous_81)
FNDA:1,(anonymous_82)
FNDA:2,(anonymous_83)
FNDA:1,(anonymous_84)
FNDA:1,(anonymous_85)
FNDA:1,(anonymous_86)
FNDA:6,(anonymous_87)
FNDA:1,(anonymous_88)
FNDA:31,(anonymous_89)
FNDA:1,(anonymous_90)
FNDA:1,(anonymous_91)
FNDA:1,(anonymous_92)
FNDA:1,(anonymous_93)
FNDA:28,(anonymous_94)
FNDA:1,(anonymous_95)
FNDA:1,(anonymous_96)
FNDA:9,(anonymous_97)
FNDA:1,(anonymous_98)
FNDA:30,(anonymous_99)
FNDA:1,(anonymous_100)
FNDA:1,(anonymous_101)
FNDA:1,(anonymous_102)
FNDA:1,(anonymous_103)
FNDA:27,(anonymous_104)
FNDA:1,(anonymous_105)
FNDA:1,(anonymous_106)
FNDA:1,(anonymous_107)
FNDA:1,(anonymous_108)
FNDA:1,(anonymous_109)
FNDA:12,(anonymous_110)
FNDA:1,(anonymous_111)
FNDA:1,(anonymous_112)
FNDA:1,(anonymous_113)
FNDA:1,(anonymous_114)
FNDA:1,(anonymous_115)
FNDA:1,(anonymous_116)
FNDA:1,(anonymous_117)
FNDA:1,(anonymous_118)
FNDA:1,(anonymous_119)
FNDA:1,(anonymous_120)
FNDA:1,(anonymous_121)
FNDA:1,(anonymous_122)
FNDA:1,(anonymous_123)
FNDA:9,(anonymous_124)
FNDA:1,(anonymous_125)
FNDA:1,(anonymous_126)
FNDA:1,(anonymous_127)
FNDA:1,(anonymous_128)
FNDA:1,(anonymous_129)
FNDA:1,(anonymous_130)
FNDA:1,(anonymous_131)
FNDA:1,(anonymous_132)
FNDA:1,(anonymous_133)
FNDA:1,(anonymous_134)
FNDA:9,(anonymous_135)
FNDA:1,(anonymous_136)
FNDA:1,(anonymous_137)
FNDA:1,(anonymous_138)
FNDA:1,(anonymous_139)
FNDA:1,(anonymous_140)
FNDA:1,(anonymous_141)
FNDA:1,(anonymous_142)
FNDA:1,(anonymous_143)
FNDA:1,(anonymous_144)
FNDA:1,(anonymous_145)
FNDA:9,(anonymous_146)
FNDA:1,(anonymous_147)
FNDA:1,(anonymous_148)
FNDA:1,(anonymous_149)
FNDA:1,(anonymous_150)
FNDA:1,(anonymous_151)
FNDA:1,(anonymous_152)
FNDA:1,(anonymous_153)
FNDA:1,(anonymous_154)
FNDA:1,(anonymous_155)
FNDA:1,(anonymous_156)
FNDA:9,(anonymous_157)
FNDA:1,(anonymous_158)
FNDA:1,(anonymous_159)
FNDA:1,(anonymous_160)
FNDA:1,(anonymous_161)
FNDA:1,(anonymous_162)
FNDA:1,(anonymous_163)
FNDA:1,(anonymous_164)
FNDA:1,(anonymous_165)
FNDA:1,(anonymous_166)
FNDA:1,(anonymous_167)
FNDA:8,(anonymous_168)
FNDA:1,(anonymous_169)
FNDA:1,(anonymous_170)
FNDA:1,(anonymous_171)
FNDA:1,(anonymous_172)
FNDA:1,(anonymous_173)
FNDA:1,(anonymous_174)
FNDA:1,(anonymous_175)
FNDA:1,(anonymous_176)
FNDA:1,(anonymous_177)
FNDA:8,(anonymous_178)
FNDA:1,(anonymous_179)
FNDA:1,(anonymous_180)
FNDA:1,(anonymous_181)
FNDA:1,(anonymous_182)
FNDA:1,(anonymous_183)
FNDA:1,(anonymous_184)
FNDA:1,(anonymous_185)
FNDA:1,(anonymous_186)
FNDA:1,(anonymous_187)
FNDA:8,(anonymous_188)
FNDA:1,(anonymous_189)
FNDA:1,(anonymous_190)
FNDA:1,(anonymous_191)
FNDA:1,(anonymous_192)
FNDA:1,(anonymous_193)
FNDA:1,(anonymous_194)
FNDA:1,(anonymous_195)
FNDA:1,(anonymous_196)
FNDA:1,(anonymous_197)
FNDA:8,(anonymous_198)
FNDA:1,(anonymous_199)
FNDA:1,(anonymous_200)
FNDA:1,(anonymous_201)
FNDA:1,(anonymous_202)
FNDA:1,(anonymous_203)
FNDA:1,(anonymous_204)
FNDA:1,(anonymous_205)
FNDA:1,(anonymous_206)
FNDA:1,(anonymous_207)
FNDA:4,(anonymous_208)
FNDA:1,(anonymous_209)
FNDA:1,(anonymous_210)
FNDA:1,(anonymous_211)
FNDA:1,(anonymous_212)
FNDA:1,(anonymous_213)
FNDA:4,(anonymous_214)
FNDA:1,(anonymous_215)
FNDA:1,(anonymous_216)
FNDA:1,(anonymous_217)
FNDA:1,(anonymous_218)
DA:3,1
DA:4,1
DA:6,1
DA:8,1
DA:9,1
DA:10,1
DA:17,1
DA:18,156
DA:19,156
DA:62,156
DA:65,1
DA:66,156
DA:70,1
DA:71,1
DA:72,2
DA:75,1
DA:76,1
DA:78,1
DA:79,1
DA:83,1
DA:84,1
DA:87,1
DA:88,1
DA:95,1
DA:96,1
DA:97,6
DA:100,1
DA:101,1
DA:104,1
DA:107,1
DA:108,1
DA:111,1
DA:112,1
DA:115,1
DA:116,1
DA:118,1
DA:121,1
DA:122,1
DA:125,1
DA:126,1
DA:131,1
DA:132,1
DA:133,6
DA:136,1
DA:137,1
DA:139,1
DA:142,1
DA:143,1
DA:146,1
DA:147,1
DA:150,1
DA:151,1
DA:153,1
DA:156,1
DA:157,1
DA:160,1
DA:161,1
DA:166,1
DA:167,1
DA:168,7
DA:171,1
DA:172,1
DA:174,1
DA:177,1
DA:178,1
DA:181,1
DA:182,1
DA:185,1
DA:186,1
DA:189,1
DA:190,1
DA:192,1
DA:195,1
DA:196,1
DA:199,1
DA:200,1
DA:205,1
DA:206,1
DA:207,7
DA:210,1
DA:211,1
DA:212,1
DA:215,1
DA:216,1
DA:217,1
DA:218,1
DA:221,1
DA:222,1
DA:224,1
DA:225,1
DA:226,1
DA:229,1
DA:230,1
DA:232,1
DA:235,1
DA:236,1
DA:238,1
DA:241,1
DA:242,1
DA:244,1
DA:247,1
DA:248,1
DA:250,1
DA:255,1
DA:256,1
DA:257,6
DA:258,6
DA:259,6
DA:262,1
DA:263,1
DA:266,1
DA:267,1
DA:268,1
DA:269,1
DA:272,1
DA:273,1
DA:276,1
DA:277,1
DA:280,1
DA:281,1
DA:284,1
DA:285,1
DA:290,1
DA:291,1
DA:292,6
DA:295,1
DA:296,1
DA:297,1
DA:300,1
DA:301,1
DA:303,1
DA:304,1
DA:305,1
DA:308,1
DA:309,1
DA:311,1
DA:314,1
DA:315,1
DA:317,1
DA:320,1
DA:321,1
DA:323,1
DA:326,1
DA:327,1
DA:329,1
DA:334,1
DA:335,1
DA:336,6
DA:337,6
DA:338,6
DA:341,1
DA:342,1
DA:345,1
DA:346,1
DA:347,1
DA:348,1
DA:351,1
DA:352,1
DA:355,1
DA:356,1
DA:359,1
DA:360,1
DA:363,1
DA:364,1
DA:370,1
DA:371,1
DA:372,2
DA:374,2
DA:377,1
DA:378,1
DA:381,1
DA:382,1
DA:384,1
DA:385,1
DA:390,1
DA:391,1
DA:392,1
DA:393,1
DA:396,1
DA:397,1
DA:402,1
DA:403,1
DA:404,1
DA:405,1
DA:406,1
DA:409,1
DA:410,1
DA:415,1
DA:416,1
DA:417,1
DA:420,1
DA:421,1
DA:422,1
DA:423,1
DA:425,1
DA:426,1
DA:428,1
DA:429,1
DA:430,1
DA:434,1
DA:435,1
DA:436,2
DA:437,2
DA:440,1
DA:441,1
DA:444,1
DA:445,1
DA:447,1
DA:448,1
DA:453,1
DA:454,1
DA:455,6
DA:456,6
DA:459,1
DA:460,1
DA:461,31
DA:465,1
DA:466,1
DA:469,1
DA:470,1
DA:473,1
DA:474,1
DA:477,1
DA:478,1
DA:479,1
DA:480,28
DA:484,1
DA:485,1
DA:487,1
DA:488,1
DA:492,1
DA:493,1
DA:494,9
DA:495,9
DA:498,1
DA:499,1
DA:500,30
DA:504,1
DA:505,1
DA:506,1
DA:509,1
DA:510,1
DA:513,1
DA:514,1
DA:517,1
DA:518,1
DA:519,1
DA:520,27
DA:524,1
DA:525,1
DA:526,1
DA:529,1
DA:530,1
DA:532,1
DA:533,1
DA:536,1
DA:537,1
DA:540,1
DA:541,1
DA:544,1
DA:545,1
DA:548,1
DA:550,1
DA:551,1
DA:556,1
DA:557,1
DA:558,12
DA:559,12
DA:562,1
DA:563,1
DA:566,1
DA:567,1
DA:568,1
DA:569,1
DA:570,1
DA:571,1
DA:572,1
DA:573,1
DA:576,1
DA:577,1
DA:578,1
DA:581,1
DA:582,1
DA:584,1
DA:585,1
DA:586,1
DA:587,1
DA:588,1
DA:589,1
DA:590,1
DA:592,1
DA:593,1
DA:594,1
DA:595,1
DA:598,1
DA:599,1
DA:602,1
DA:603,1
DA:606,1
DA:607,1
DA:608,1
DA:609,1
DA:610,1
DA:611,1
DA:612,1
DA:613,1
DA:616,1
DA:617,1
DA:618,1
DA:621,1
DA:622,1
DA:624,1
DA:625,1
DA:628,1
DA:629,1
DA:632,1
DA:633,1
DA:636,1
DA:637,1
DA:639,1
DA:641,1
DA:642,1
DA:645,1
DA:646,1
DA:647,1
DA:652,1
DA:653,1
DA:654,9
DA:655,9
DA:658,1
DA:659,1
DA:660,1
DA:661,1
DA:662,1
DA:663,1
DA:666,1
DA:667,1
DA:668,1
DA:671,1
DA:672,1
DA:675,1
DA:676,1
DA:679,1
DA:680,1
DA:681,1
DA:682,1
DA:683,1
DA:684,1
DA:687,1
DA:688,1
DA:689,1
DA:692,1
DA:693,1
DA:695,1
DA:696,1
DA:699,1
DA:700,1
DA:703,1
DA:704,1
DA:707,1
DA:708,1
DA:710,1
DA:712,1
DA:713,1
DA:717,1
DA:718,1
DA:719,9
DA:720,9
DA:723,1
DA:724,1
DA:725,1
DA:726,1
DA:729,1
DA:730,1
DA:731,1
DA:734,1
DA:735,1
DA:738,1
DA:739,1
DA:742,1
DA:743,1
DA:744,1
DA:745,1
DA:746,1
DA:749,1
DA:750,1
DA:751,1
DA:754,1
DA:755,1
DA:757,1
DA:758,1
DA:761,1
DA:762,1
DA:764,1
DA:767,1
DA:769,1
DA:772,1
DA:773,1
DA:775,1
DA:777,1
DA:779,1
DA:780,1
DA:785,1
DA:786,1
DA:787,9
DA:788,9
DA:791,1
DA:792,1
DA:793,1
DA:794,1
DA:797,1
DA:798,1
DA:799,1
DA:802,1
DA:803,1
DA:806,1
DA:807,1
DA:810,1
DA:811,1
DA:812,1
DA:813,1
DA:814,1
DA:817,1
DA:818,1
DA:819,1
DA:822,1
DA:823,1
DA:825,1
DA:826,1
DA:829,1
DA:830,1
DA:832,1
DA:835,1
DA:837,1
DA:840,1
DA:841,1
DA:843,1
DA:845,1
DA:847,1
DA:848,1
DA:853,1
DA:854,1
DA:855,9
DA:856,9
DA:859,1
DA:860,1
DA:861,1
DA:862,1
DA:865,1
DA:866,1
DA:867,1
DA:870,1
DA:871,1
DA:874,1
DA:875,1
DA:878,1
DA:879,1
DA:880,12
DA:882,1
DA:883,1
DA:884,1
DA:887,1
DA:888,1
DA:889,1
DA:892,1
DA:893,1
DA:895,1
DA:896,1
DA:899,1
DA:900,1
DA:901,12
DA:904,1
DA:907,1
DA:909,1
DA:912,1
DA:913,1
DA:914,12
DA:917,1
DA:919,1
DA:921,1
DA:922,1
DA:927,1
DA:928,1
DA:929,8
DA:930,8
DA:932,8
DA:933,8
DA:936,1
DA:937,1
DA:938,1
DA:939,1
DA:942,1
DA:943,1
DA:944,1
DA:945,1
DA:948,1
DA:949,1
DA:950,1
DA:953,1
DA:954,1
DA:955,1
DA:958,1
DA:959,1
DA:962,1
DA:963,1
DA:966,1
DA:967,1
DA:970,1
DA:971,1
DA:975,1
DA:976,1
DA:977,8
DA:978,8
DA:980,8
DA:981,8
DA:984,8
DA:985,8
DA:988,1
DA:989,1
DA:990,1
DA:991,1
DA:994,1
DA:995,1
DA:996,1
DA:997,1
DA:1000,1
DA:1001,1
DA:1002,1
DA:1005,1
DA:1006,1
DA:1007,1
DA:1010,1
DA:1011,1
DA:1014,1
DA:1015,1
DA:1018,1
DA:1019,1
DA:1022,1
DA:1023,1
DA:1028,1
DA:1029,1
DA:1030,8
DA:1031,8
DA:1032,8
DA:1033,8
DA:1036,1
DA:1037,1
DA:1038,1
DA:1039,1
DA:1042,1
DA:1043,1
DA:1044,1
DA:1047,1
DA:1048,1
DA:1049,1
DA:1052,1
DA:1053,1
DA:1054,1
DA:1057,1
DA:1058,1
DA:1061,1
DA:1062,1
DA:1065,1
DA:1066,1
DA:1069,1
DA:1070,1
DA:1074,1
DA:1075,1
DA:1076,8
DA:1077,8
DA:1078,8
DA:1079,8
DA:1080,8
DA:1083,1
DA:1084,1
DA:1085,1
DA:1088,1
DA:1089,1
DA:1090,1
DA:1093,1
DA:1094,1
DA:1095,1
DA:1098,1
DA:1099,1
DA:1100,1
DA:1103,1
DA:1104,1
DA:1107,1
DA:1108,1
DA:1111,1
DA:1112,1
DA:1115,1
DA:1116,1
DA:1121,1
DA:1122,1
DA:1123,4
DA:1124,4
DA:1125,4
DA:1126,4
DA:1129,1
DA:1130,1
DA:1131,1
DA:1134,1
DA:1135,1
DA:1136,1
DA:1139,1
DA:1140,1
DA:1143,1
DA:1144,1
DA:1148,1
DA:1149,1
DA:1150,4
DA:1151,4
DA:1152,4
DA:1153,4
DA:1154,4
DA:1157,1
DA:1158,1
DA:1159,1
DA:1160,1
DA:1163,1
DA:1164,1
DA:1165,1
DA:1168,1
DA:1169,1
DA:1172,1
DA:1173,1
LF:627
LH:627
BRF:0
BRH:0
end_of_record
TN:
SF:/Users/paulstanton/Localhost/pulsar-event-calendar/src/EventCalendar.js
FN:22,EventCalendar
FN:42,init
FN:117,click
FN:120,onMonthChange
FN:136,render
FN:146,(anonymous_12)
FN:151,(anonymous_13)
FN:176,(anonymous_14)
FN:188,toggleWeekday
FN:192,(anonymous_16)
FN:216,toggleDay
FN:294,setPattern
FN:328,paintRepeatPattern
FN:343,paintDates
FN:346,(anonymous_21)
FN:360,paintMonth
FN:377,(anonymous_23)
FN:388,(anonymous_24)
FN:396,styleToAdd
FN:403,styleToDel
FN:410,styleRepeatOn
FN:417,styleClear
FN:424,styleClearAll
FN:443,updateReview
FN:475,resetCalendar
FN:489,getDates
FN:494,getRecurPattern
FN:431,isInMonth
FN:435,isInYear
FN:439,matchDates
FNF:30
FNH:30
FNDA:158,EventCalendar
FNDA:158,init
FNDA:144,click
FNDA:55,onMonthChange
FNDA:212,render
FNDA:1,(anonymous_12)
FNDA:122,(anonymous_13)
FNDA:1,(anonymous_14)
FNDA:1,toggleWeekday
FNDA:2,(anonymous_16)
FNDA:144,toggleDay
FNDA:123,setPattern
FNDA:247,paintRepeatPattern
FNDA:247,paintDates
FNDA:27865,(anonymous_21)
FNDA:442,paintMonth
FNDA:118,(anonymous_23)
FNDA:145,(anonymous_24)
FNDA:118,styleToAdd
FNDA:145,styleToDel
FNDA:20904,styleRepeatOn
FNDA:6961,styleClear
FNDA:442,styleClearAll
FNDA:585,updateReview
FNDA:1,resetCalendar
FNDA:31,getDates
FNDA:14,getRecurPattern
FNDA:263,isInMonth
FNDA:263,isInYear
FNDA:32,matchDates
DA:7,1
DA:8,1
DA:9,1
DA:10,1
DA:11,1
DA:12,1
DA:14,1
DA:22,158
DA:23,158
DA:24,158
DA:43,158
DA:44,1
DA:47,157
DA:49,157
DA:50,1
DA:53,156
DA:110,156
DA:113,156
DA:115,156
DA:118,144
DA:121,55
DA:138,212
DA:140,212
DA:146,156
DA:147,1
DA:151,156
DA:152,122
DA:154,122
DA:155,36
DA:156,36
DA:159,86
DA:160,86
DA:164,122
DA:172,122
DA:173,122
DA:176,156
DA:177,1
DA:180,156
DA:189,1
DA:192,1
DA:193,2
DA:196,1
DA:197,1
DA:217,144
DA:225,144
DA:228,144
DA:229,2
DA:233,142
DA:236,107
DA:238,14
DA:240,93
DA:242,44
DA:244,8
DA:248,36
DA:252,49
DA:258,45
DA:264,4
DA:269,35
DA:270,35
DA:272,29
DA:274,6
DA:276,6
DA:280,142
DA:281,142
DA:295,123
DA:298,123
DA:300,26
DA:303,36
DA:306,1
DA:309,17
DA:312,9
DA:315,9
DA:318,9
DA:321,16
DA:325,123
DA:329,247
DA:331,247
DA:338,247
DA:340,247
DA:344,247
DA:346,247
DA:347,27865
DA:349,20904
DA:353,6961
DA:361,442
DA:364,442
DA:367,442
DA:368,247
DA:372,442
DA:373,118
DA:377,118
DA:378,118
DA:383,442
DA:384,145
DA:388,145
DA:389,145
DA:393,442
DA:397,118
DA:400,118
DA:404,145
DA:407,145
DA:411,20904
DA:414,20904
DA:418,6961
DA:421,6961
DA:425,442
DA:428,442
DA:432,263
DA:436,263
DA:440,32
DA:444,585
DA:451,585
DA:452,188
DA:456,397
DA:459,585
DA:460,226
DA:464,359
DA:467,585
DA:468,300
DA:471,285
DA:476,1
DA:479,1
DA:480,1
DA:483,1
DA:486,1
DA:490,31
DA:491,31
DA:495,14
DA:496,14
DA:501,1
LF:130
LH:130
BRDA:43,8,0,1
BRDA:43,8,1,157
BRDA:43,9,0,158
BRDA:43,9,1,157
BRDA:49,10,0,1
BRDA:49,10,1,156
BRDA:49,11,0,157
BRDA:49,11,1,157
BRDA:54,12,0,148
BRDA:54,12,1,8
BRDA:55,13,0,148
BRDA:55,13,1,8
BRDA:56,14,0,108
BRDA:56,14,1,48
BRDA:57,15,0,94
BRDA:57,15,1,62
BRDA:154,16,0,36
BRDA:154,16,1,86
BRDA:228,17,0,2
BRDA:228,17,1,142
BRDA:228,18,0,144
BRDA:228,18,1,142
BRDA:233,19,0,107
BRDA:233,19,1,35
BRDA:236,20,0,14
BRDA:236,20,1,93
BRDA:240,21,0,44
BRDA:240,21,1,49
BRDA:242,22,0,8
BRDA:242,22,1,36
BRDA:252,23,0,45
BRDA:252,23,1,4
BRDA:253,24,0,49
BRDA:253,24,1,49
BRDA:253,24,2,45
BRDA:269,25,0,35
BRDA:269,25,1,0
BRDA:270,26,0,29
BRDA:270,26,1,6
BRDA:274,27,0,6
BRDA:274,27,1,0
BRDA:299,28,0,26
BRDA:299,28,1,36
BRDA:299,28,2,1
BRDA:299,28,3,17
BRDA:299,28,4,9
BRDA:299,28,5,9
BRDA:299,28,6,9
BRDA:299,28,7,16
BRDA:338,29,0,124
BRDA:338,29,1,123
BRDA:348,30,0,20904
BRDA:348,30,1,6961
BRDA:348,30,2,6961
BRDA:367,31,0,247
BRDA:367,31,1,195
BRDA:372,32,0,118
BRDA:372,32,1,324
BRDA:383,33,0,145
BRDA:383,33,1,297
BRDA:451,34,0,188
BRDA:451,34,1,397
BRDA:453,35,0,188
BRDA:453,35,1,0
BRDA:459,36,0,226
BRDA:459,36,1,359
BRDA:461,37,0,226
BRDA:461,37,1,0
BRDA:467,38,0,300
BRDA:467,38,1,285
BRDA:467,39,0,585
BRDA:467,39,1,397
BRF:72
BRH:68
end_of_record
